2026-04-06 10:29:49,757 - INFO - ==================================================
2026-04-06 10:29:49,757 - INFO - 开始执行KIM推送任务
2026-04-06 10:29:49,757 - INFO - ==================================================
2026-04-06 10:29:49,758 - INFO - 正在提取洞察内容...
2026-04-06 10:29:49,778 - INFO - 提取到 3 条洞察，更新日期: 2026-04-06 上午
2026-04-06 10:29:49,778 - INFO - ✅ 成功提取 3 条洞察
2026-04-06 10:29:49,779 - INFO - 正在构造Markdown消息...
2026-04-06 10:29:49,779 - INFO - 消息内容:
## 📈 今日商业化洞察 (2026-04-06 周一)

> 数据更新时间：2026-04-06 上午

### 💡 今日核心洞察

**1. 🚀 字节Seedance 2.0开放B端：AI视频商业化提速，广告素材生产迈入工业化**
Seedance 2.0 API正式面向企业用户开放公测，AI漫剧成本降至传统模式10%-30%，制作周期从50天压缩至30天内，广告素材已有1/3由AI生成

**2. ⚖️ AI"偷脸"短剧引维权风波：行业委员会发声明，平台审核责任强化**
AI短剧《桃花簪》因"偷脸"普通人引发维权，中广联演员委员会发严正声明，平台须建立AI内容授权核验长效机制，红果已全面下架涉事短剧

**3. 🌱 巨量引擎Q2种草激励：种草通竞价最高返利20万，品广投放迎重大升级**
巨量学4月4日宣布种草通竞价Q2激励上线，叠加618品广产品全景升级，字节加速推动"内容种草+效果转化"融合


---

[📊 查看完整洞察平台](https://ailiuliuliu.github.io/ad-insight-platform/)
💬 更多竞对动态、行业趋势、深度分析请访问平台
2026-04-06 10:29:49,779 - INFO - 正在发送到KIM...
2026-04-06 10:29:49,779 - INFO - 发送消息到KIM: https://kim-robot.kwaitalk.com/api/robot/send?key=271996bf-7424-4c93-984f-21830b354394
2026-04-06 10:29:50,115 - INFO - KIM响应: {'success': True, 'errmsg': '', 'status': 200, 'messageKey': '["OMSG_BAAAALbMnULEPAYAYAm803ZOBgAtKHYX2QkAAEaoFM0LjREA","OMSG_BAAAAGk+6eptSQYAfxOatXZOBgAtKHYX2QkAACyiedjjdhcA","OMSG_BAAAANxVqJ65RQYAYQm803ZOBgAtKHYX2QkAABWQZAWC/RYA","OMSG_BAAAAN8b/KWvTQYAXwm803ZOBgAtKHYX2QkAAAyhnCRgAhgA"]', 'successCount': 4, 'failedCount': 0}
2026-04-06 10:29:50,116 - INFO - ✅ 消息发送成功
2026-04-06 10:29:50,119 - INFO - ==================================================
2026-04-06 10:29:50,119 - INFO - ✅ KIM推送任务执行成功
2026-04-06 10:29:50,119 - INFO - ==================================================
2026-04-27 11:16:18,583 - INFO - ==================================================
2026-04-27 11:16:18,583 - INFO - 开始执行KIM推送任务
2026-04-27 11:16:18,583 - INFO - ==================================================
2026-04-27 11:16:18,583 - INFO - 正在提取洞察内容...
2026-04-27 11:16:18,595 - INFO - 提取到 3 条洞察，更新日期: 2026-04-27 上午
2026-04-27 11:16:18,595 - INFO - ✅ 成功提取 3 条洞察
2026-04-27 11:16:18,595 - INFO - 正在构造Markdown消息...
2026-04-27 11:16:18,596 - INFO - 消息内容:
## 📈 今日商业化洞察 (2026-04-27 周一)

> 数据更新时间：2026-04-27 上午

### 💡 今日核心洞察

**1. 🛍️ 红果成立独立电商部门："剧情带货"开辟第三种电商形态，短剧变现进入新阶段**
2026年4月，字节旗下红果短剧（月活3.04亿、日均使用125分钟）正式成立独立电商部门，与抖音电商核心部门平级；用"剧情带货"取代直播带货，探索退货率更低的"慢电商"新模式

**2. 📺 腾讯视频号短剧集内广告正式开放：微信14亿月活生态加速内容货币化，短剧广告进入"三国时代"**
腾讯视频号2月1日正式启动原生短剧激励广告，依托微信14亿月活生态向品牌开放短剧内广告库存；叠加2025年广告收入1450亿(+19%)，视频号用户时长增长超20%，腾讯正在成为短剧商业化第三极

**3. 🎮 千川乘方规则升级+短视频内容标注统一规范：平台治理收紧，效果广告进入"合规红利"窗口期**
4月12日巨量千川发布治理损害平台利益违规公告并更新乘方成本保障规则；同期网信办推动短视频内容标注统一规范落地，平台生态治理全面加速，合规经营方获流量倾斜红利


---

[📊 查看完整洞察平台](https://ailiuliuliu.github.io/ad-insight-platform/)
💬 更多竞对动态、行业趋势、深度分析请访问平台
2026-04-27 11:16:18,596 - INFO - 正在发送到KIM...
2026-04-27 11:16:18,596 - INFO - 发送消息到KIM: https://kim-robot.kwaitalk.com/api/robot/send?key=271996bf-7424-4c93-984f-21830b354394
2026-04-27 11:16:18,816 - INFO - KIM响应: {'success': True, 'errmsg': '', 'status': 200, 'messageKey': '["OMSG_BAAAAOHMnULEPAYAxum5ntROBgAtKHYX2QkAAEaoFM0LjREA","OMSG_BAAAAOxVqJ65RQYAiSsxuXZOBgAtKHYX2QkAABWQZAWC/RYA","OMSG_BAAAAKkj/KWvTQYAIIxWpXZOBgAtKHYX2QkAAAyhnCRgAhgA","OMSG_BAAAAJY+6eptSQYAPRblnXZOBgAtKHYX2QkAACyiedjjdhcA"]', 'successCount': 4, 'failedCount': 0}
2026-04-27 11:16:18,816 - INFO - ✅ 消息发送成功
2026-04-27 11:16:18,821 - INFO - ==================================================
2026-04-27 11:16:18,821 - INFO - ✅ KIM推送任务执行成功
2026-04-27 11:16:18,821 - INFO - ==================================================
2026-04-27 15:09:24,638 - INFO - ==================================================
2026-04-27 15:09:24,639 - INFO - 开始执行KIM推送任务
2026-04-27 15:09:24,639 - INFO - ==================================================
2026-04-27 15:09:24,640 - INFO - ⏭️  今天(2026-04-27)已推送过，跳过
2026-05-11 10:41:21,113 - INFO - ==================================================
2026-05-11 10:41:21,114 - INFO - 开始执行KIM推送任务
2026-05-11 10:41:21,114 - INFO - ==================================================
2026-05-11 10:41:21,114 - INFO - 正在提取洞察内容...
2026-05-11 10:41:21,131 - INFO - 提取到 3 条洞察，更新日期: 2026-05-11 上午
2026-05-11 10:41:21,131 - INFO - ✅ 成功提取 3 条洞察
2026-05-11 10:41:21,131 - INFO - 正在构造Markdown消息...
2026-05-11 10:41:21,131 - INFO - 消息内容:
## 📈 今日商业化洞察 (2026-05-11 周一)

> 数据更新时间：2026-05-11 上午

### 💡 今日核心洞察

**1. 🤖 豆包5月4日上线付费订阅：国内AI商业化"免费换规模"时代终结，可灵AI变现路径面临压力测试**
豆包在App Store推出3档订阅（68/200/500元/月），国内月活最大AI应用（3.45亿）告别纯免费时代；字节2025年净利润承压+豆包Token日均使用量突破120万亿是直接触发因素，国内AI付费意愿试验正式开启

**2. 📱 小红书史上最大组织架构调整：柯南接任总裁集权三大业务，AI卡位+出海Rednote双线发力**
4月30日小红书发布内部信，丁玲（柯南）晋升总裁统管社区、电商、商业化及技术，新设AI一级部门Dots+海外业务Rednote；月活已超4亿，当前估值超500亿美元远超快手，商业化效率提升成核心命题

**3. 🎬 AI短剧/漫剧行业拐点：74%观众拒看纯AI剧集，腾讯工业平台入场，内容合规成新红线**
爱奇艺AI艺人库事件（张若昀、于和伟等艺人否认授权）引爆行业争议；腾讯4月16日发布工业级AI漫剧平台WorkRally；数据显示74%观众明确拒看纯AI剧集——AI降本优势与用户接受度之间的矛盾倒逼行业寻找"AI+真人"混合路径


---

[📊 查看完整洞察平台](https://ailiuliuliu.github.io/ad-insight-platform/)
💬 更多竞对动态、行业趋势、深度分析请访问平台
2026-05-11 10:41:21,131 - INFO - 正在发送到KIM...
2026-05-11 10:41:21,131 - INFO - 发送消息到KIM: https://kim-robot.kwaitalk.com/api/robot/send?key=271996bf-7424-4c93-984f-21830b354394
2026-05-11 10:41:21,499 - INFO - KIM响应: {'success': True, 'errmsg': '', 'status': 200, 'messageKey': '["OMSG_BAAAAJwl/KWvTQYAgbn043ZOBgAtKHYX2QkAAAyhnCRgAhgA","OMSG_BAAAAPdVqJ65RQYAbU9V0XZOBgAtKHYX2QkAABWQZAWC/RYA","OMSG_BAAAAPzMnULEPAYAjk9V0XZOBgAtKHYX2QkAAEaoFM0LjREA","OMSG_BAAAALQ+6eptSQYAbk9V0XZOBgAtKHYX2QkAACyiedjjdhcA"]', 'successCount': 4, 'failedCount': 0}
2026-05-11 10:41:21,500 - INFO - ✅ 消息发送成功
2026-05-11 10:41:21,501 - INFO - ==================================================
2026-05-11 10:41:21,501 - INFO - ✅ KIM推送任务执行成功
2026-05-11 10:41:21,501 - INFO - ==================================================
