2026-03-22 23:31:34,431 - INFO - ============================================================
2026-03-22 23:31:34,431 - INFO - 商业化洞察平台更新流程启动
2026-03-22 23:31:34,431 - INFO - 时间: 2026-03-22 23:31:34
2026-03-22 23:31:34,431 - INFO - ============================================================
2026-03-22 23:31:34,431 - INFO - 
📡 Step 1/4: 搜索最新商业化资讯...
2026-03-22 23:31:34,431 - INFO - ✅ 搜索完成
2026-03-22 23:31:34,432 - INFO - 
🤖 Step 2/4: AI分析生成洞察...
2026-03-22 23:31:34,432 - INFO - ✅ 分析完成
2026-03-22 23:31:34,432 - INFO - 
📝 Step 3/4: 更新HTML页面...
2026-03-22 23:31:34,432 - INFO - ✅ HTML更新完成
2026-03-22 23:31:34,432 - INFO - 
🚀 Step 4/4: 推送到GitHub...
2026-03-22 23:31:34,543 - ERROR - 
❌ 更新流程失败: Git commit失败: 
Traceback (most recent call last):
  File "/Users/litianyu6/Documents/超级小李/ad-insight-demo/webhook/../scripts/update_platform.py", line 79, in main
    raise Exception(f"Git commit失败: {result.stderr}")
Exception: Git commit失败: 
2026-03-22 23:31:47,788 - INFO - ============================================================
2026-03-22 23:31:47,788 - INFO - 商业化洞察平台更新流程启动
2026-03-22 23:31:47,788 - INFO - 时间: 2026-03-22 23:31:47
2026-03-22 23:31:47,788 - INFO - ============================================================
2026-03-22 23:31:47,788 - INFO - 
📡 Step 1/4: 搜索最新商业化资讯...
2026-03-22 23:31:47,788 - INFO - ✅ 搜索完成
2026-03-22 23:31:47,788 - INFO - 
🤖 Step 2/4: AI分析生成洞察...
2026-03-22 23:31:47,788 - INFO - ✅ 分析完成
2026-03-22 23:31:47,788 - INFO - 
📝 Step 3/4: 更新HTML页面...
2026-03-22 23:31:47,788 - INFO - ✅ HTML更新完成
2026-03-22 23:31:47,788 - INFO - 
🚀 Step 4/4: 推送到GitHub...
2026-03-22 23:31:47,853 - ERROR - 
❌ 更新流程失败: Git commit失败: 
Traceback (most recent call last):
  File "/Users/litianyu6/Documents/超级小李/ad-insight-demo/webhook/../scripts/update_platform.py", line 79, in main
    raise Exception(f"Git commit失败: {result.stderr}")
Exception: Git commit失败: 
