2026-03-20 14:52:03,908 - INFO - ==================================================
2026-03-20 14:52:03,908 - INFO - 开始执行KIM推送任务
2026-03-20 14:52:03,908 - INFO - ==================================================
2026-03-20 14:52:03,908 - INFO - 正在提取洞察内容...
2026-03-20 14:52:03,919 - ERROR - ❌ 未能提取到洞察内容
2026-03-20 14:53:29,390 - INFO - ==================================================
2026-03-20 14:53:29,390 - INFO - 开始执行KIM推送任务
2026-03-20 14:53:29,390 - INFO - ==================================================
2026-03-20 14:53:29,390 - INFO - 正在提取洞察内容...
2026-03-20 14:53:29,398 - INFO - 提取到 3 条洞察，更新日期: 2026-03-19
2026-03-20 14:53:29,399 - INFO - ✅ 成功提取 3 条洞察
2026-03-20 14:53:29,399 - INFO - 正在构造Markdown消息...
2026-03-20 14:53:29,399 - INFO - 消息内容:
## 📈 商业化洞察周报 (2026-03-20 周五)

> 数据更新时间：2026-03-19

### 💡 本周核心洞察

**1. 🎯 种草营销全面进入效果化时代，需加速数据驱动的精准投放能力建设**
小红书2026 WILL大会宣布"种草进入效果化"，全行业从粗放式流量运营转向精细化数据运营，对标竞对需强化ROI可量化能力

**2. 🤖 AI全面重塑广告产业链，需抢占AIGC商业化应用高地**
AppsFlyer《2026游戏营销报告》显示AI素材产出大幅提升，阿里万相台AI无界版、腾讯混元驱动广告增长17%，AIGC成核心竞争力

**3. 📋 直播电商进入强监管时代，合规能力成商业化护城河**
《直播电商监督管理办法》2026年2月1日施行，市场监管总局发布30件典型案例，虚假宣传成重灾区，合规体系建设刻不容缓


---

[📊 查看完整洞察平台](https://ailiuliuliu.github.io/ad-insight-platform/)
💬 更多竞对动态、行业趋势、深度分析请访问平台
2026-03-20 14:53:29,399 - INFO - 正在发送到KIM...
2026-03-20 14:53:29,399 - INFO - 发送消息到KIM: https://kim-robot.kwaitalk.com/api/robot/send?key=271996bf-7424-4c93-984f-21830b354394
2026-03-20 14:53:29,553 - INFO - KIM响应: {'success': True, 'errmsg': '', 'status': 200, 'messageKey': '["OMSG_BAAAAJDMnULEPAYAhdigp1xNBgAtKHYX2QkAAEaoFM0LjREA","OMSG_BAAAAMpVqJ65RQYAfsmWjwhGBgAtKHYX2QkAABWQZAWC/RYA"]', 'successCount': 2, 'failedCount': 0}
2026-03-20 14:53:29,553 - INFO - ✅ 消息发送成功
2026-03-20 14:53:29,554 - INFO - ==================================================
2026-03-20 14:53:29,554 - INFO - ✅ KIM推送任务执行成功
2026-03-20 14:53:29,554 - INFO - ==================================================
2026-03-23 11:12:53,319 - INFO - ==================================================
2026-03-23 11:12:53,320 - INFO - 开始执行KIM推送任务
2026-03-23 11:12:53,320 - INFO - ==================================================
2026-03-23 11:12:53,320 - INFO - 正在提取洞察内容...
2026-03-23 11:12:53,329 - INFO - 提取到 3 条洞察，更新日期: 2026-03-22
2026-03-23 11:12:53,329 - INFO - ✅ 成功提取 3 条洞察
2026-03-23 11:12:53,329 - INFO - 正在构造Markdown消息...
2026-03-23 11:12:53,329 - INFO - 消息内容:
## 📈 今日商业化洞察 (2026-03-23 周一)

> 数据更新时间：2026-03-22

### 💡 今日核心洞察

**1. 🤖 字节豆包AI购物内测，对话式电商倒逼体验升级**
豆包开启AI购物功能内测，用户可在豆包APP内"一句话"完成浏览、下单、支付全流程，预计3月上线，AI成为电商新入口

**2. 💄 小红书"种草进入效果化"，ROI可衡量成行业共识**
小红书2026 WILL大会主题明确"种草进入效果化时代"，发布AIPS人群资产模型，全行业从粗放式流量运营转向精细化效果运营

**3. 📋 直播电商强监管落地，合规成为商业化生死线**
《直播电商监督管理办法》2月1日施行，市场监管总局密集执法，广州等地实现重点企业合规全覆盖，违规成本大幅提升


---

[📊 查看完整洞察平台](https://ailiuliuliu.github.io/ad-insight-platform/)
💬 更多竞对动态、行业趋势、深度分析请访问平台
2026-03-23 11:12:53,329 - INFO - 正在发送到KIM...
2026-03-23 11:12:53,329 - INFO - 发送消息到KIM: https://kim-robot.kwaitalk.com/api/robot/send?key=271996bf-7424-4c93-984f-21830b354394
2026-03-23 11:12:53,554 - INFO - KIM响应: {'success': True, 'errmsg': '', 'status': 200, 'messageKey': '["OMSG_BAAAAM9VqJ65RQYA1Z3u/n5NBgAtKHYX2QkAABWQZAWC/RYA","OMSG_BAAAAJXMnULEPAYA+UKEio1EBgAtKHYX2QkAAEaoFM0LjREA"]', 'successCount': 2, 'failedCount': 0}
2026-03-23 11:12:53,554 - INFO - ✅ 消息发送成功
2026-03-23 11:12:53,555 - INFO - ==================================================
2026-03-23 11:12:53,555 - INFO - ✅ KIM推送任务执行成功
2026-03-23 11:12:53,555 - INFO - ==================================================
2026-03-23 11:13:14,141 - INFO - ==================================================
2026-03-23 11:13:14,141 - INFO - 开始执行KIM推送任务
2026-03-23 11:13:14,141 - INFO - ==================================================
2026-03-23 11:13:14,141 - INFO - 正在提取洞察内容...
2026-03-23 11:13:14,149 - INFO - 提取到 3 条洞察，更新日期: 2026-03-22
2026-03-23 11:13:14,149 - INFO - ✅ 成功提取 3 条洞察
2026-03-23 11:13:14,149 - INFO - 正在构造Markdown消息...
2026-03-23 11:13:14,149 - INFO - 消息内容:
## 📈 今日商业化洞察 (2026-03-23 周一)

> 数据更新时间：2026-03-22

### 💡 今日核心洞察

**1. 🤖 字节豆包AI购物内测，对话式电商倒逼体验升级**
豆包开启AI购物功能内测，用户可在豆包APP内"一句话"完成浏览、下单、支付全流程，预计3月上线，AI成为电商新入口

**2. 💄 小红书"种草进入效果化"，ROI可衡量成行业共识**
小红书2026 WILL大会主题明确"种草进入效果化时代"，发布AIPS人群资产模型，全行业从粗放式流量运营转向精细化效果运营

**3. 📋 直播电商强监管落地，合规成为商业化生死线**
《直播电商监督管理办法》2月1日施行，市场监管总局密集执法，广州等地实现重点企业合规全覆盖，违规成本大幅提升


---

[📊 查看完整洞察平台](https://ailiuliuliu.github.io/ad-insight-platform/)
💬 更多竞对动态、行业趋势、深度分析请访问平台
2026-03-23 11:13:14,149 - INFO - 正在发送到KIM...
2026-03-23 11:13:14,149 - INFO - 发送消息到KIM: https://kim-robot.kwaitalk.com/api/robot/send?key=271996bf-7424-4c93-984f-21830b354394
2026-03-23 11:13:14,550 - INFO - KIM响应: {'success': True, 'errmsg': '', 'status': 200, 'messageKey': '["OMSG_BAAAANBVqJ65RQYARk5skAhGBgAtKHYX2QkAABWQZAWC/RYA","OMSG_BAAAAJbMnULEPAYAJa3u/n5NBgAtKHYX2QkAAEaoFM0LjREA"]', 'successCount': 2, 'failedCount': 0}
2026-03-23 11:13:14,550 - INFO - ✅ 消息发送成功
2026-03-23 11:13:14,551 - INFO - ==================================================
2026-03-23 11:13:14,551 - INFO - ✅ KIM推送任务执行成功
2026-03-23 11:13:14,551 - INFO - ==================================================
2026-03-26 14:35:40,789 - INFO - ==================================================
2026-03-26 14:35:40,789 - INFO - 开始执行KIM推送任务
2026-03-26 14:35:40,789 - INFO - ==================================================
2026-03-26 14:35:40,789 - INFO - 正在提取洞察内容...
2026-03-26 14:35:40,798 - INFO - 提取到 3 条洞察，更新日期: 2026-03-24 下午
2026-03-26 14:35:40,798 - INFO - ✅ 成功提取 3 条洞察
2026-03-26 14:35:40,798 - INFO - 正在构造Markdown消息...
2026-03-26 14:35:40,798 - INFO - 消息内容:
## 📈 今日商业化洞察 (2026-03-26 周四)

> 数据更新时间：2026-03-24 下午

### 💡 今日核心洞察

**1. 🎬 腾讯漫剧日耗突破350万，短视频平台内容消费变现新风口**
腾讯广告发布最新数据，漫剧赛道日耗突破350万持续增长，同时推出获客宝Chatbot等AI工具，全面布局内容消费+AI商业化

**2. 📊 上海微短剧"繁花"3.0计划启动，政府政策红利+行业千亿规模双重利好**
上海市政府发布微短剧"繁花"3.0计划，启动首届微短剧（含漫剧）剧本征集大赛，行业迈过千亿门槛进入政策扶持新阶段

**3. 📰 人民日报关注漫剧新看点，AIGC短片《霍去病》成文化现象级案例**
人民日报发文关注漫剧成为微短剧领域新看点，AIGC短片《霍去病》等作品引发关注，主流媒体认可标志赛道进入主流视野


---

[📊 查看完整洞察平台](https://ailiuliuliu.github.io/ad-insight-platform/)
💬 更多竞对动态、行业趋势、深度分析请访问平台
2026-03-26 14:35:40,798 - INFO - 正在发送到KIM...
2026-03-26 14:35:40,798 - INFO - 发送消息到KIM: https://kim-robot.kwaitalk.com/api/robot/send?key=271996bf-7424-4c93-984f-21830b354394
2026-03-26 14:35:40,984 - INFO - KIM响应: {'success': True, 'errmsg': '', 'status': 200, 'messageKey': '["OMSG_BAAAALgX/KWvTQYA2ABdjI1EBgAtKHYX2QkAAAyhnCRgAhgA","OMSG_BAAAAJ/MnULEPAYA2QBdjI1EBgAtKHYX2QkAAEaoFM0LjREA","OMSG_BAAAANNVqJ65RQYAmQXGAH9NBgAtKHYX2QkAABWQZAWC/RYA","OMSG_BAAAAPY96eptSQYAmgXGAH9NBgAtKHYX2QkAACyiedjjdhcA"]', 'successCount': 4, 'failedCount': 0}
2026-03-26 14:35:40,984 - INFO - ✅ 消息发送成功
2026-03-26 14:35:40,985 - INFO - ==================================================
2026-03-26 14:35:40,985 - INFO - ✅ KIM推送任务执行成功
2026-03-26 14:35:40,985 - INFO - ==================================================
2026-03-30 11:08:58,490 - INFO - ==================================================
2026-03-30 11:08:58,490 - INFO - 开始执行KIM推送任务
2026-03-30 11:08:58,491 - INFO - ==================================================
2026-03-30 11:08:58,491 - INFO - 正在提取洞察内容...
2026-03-30 11:08:58,503 - INFO - 提取到 3 条洞察，更新日期: 2026-03-29 晚
2026-03-30 11:08:58,503 - INFO - ✅ 成功提取 3 条洞察
2026-03-30 11:08:58,503 - INFO - 正在构造Markdown消息...
2026-03-30 11:08:58,503 - INFO - 消息内容:
## 📈 今日商业化洞察 (2026-03-30 周一)

> 数据更新时间：2026-03-29 晚

### 💡 今日核心洞察

**1. 🤖 AIGC视频生成白热化：可灵3亿美元ARR对抗Seedance 2.0，商业化竞速开启**
快手可灵AI实现3亿美元ARR，字节Seedance 2.0上线带动即梦AI下载量环比飙升228%，AIGC视频生成从技术竞争进入商业化竞速阶段

**2. 🛍️ AI购物元年：豆包2.26亿MAU切入电商，对话式购物重构流量分发逻辑**
豆包MAU 2.26亿领先行业，开启AI购物内测预计3月上线，从"搜索框"到"对话框"，AI正在成为电商新入口，流量分发逻辑面临重构

**3. 📈 腾讯营销收入1450亿增19%，"素材+行业+经营"三位一体策略验证成功**
腾讯2025年营销服务收入1450亿增19%，视频号广告持续增长，围绕"素材供给+行业化能力+经营优化"三位一体策略取得成功，混元3.0将于4月发布


---

[📊 查看完整洞察平台](https://ailiuliuliu.github.io/ad-insight-platform/)
💬 更多竞对动态、行业趋势、深度分析请访问平台
2026-03-30 11:08:58,503 - INFO - 正在发送到KIM...
2026-03-30 11:08:58,503 - INFO - 发送消息到KIM: https://kim-robot.kwaitalk.com/api/robot/send?key=271996bf-7424-4c93-984f-21830b354394
2026-03-30 11:08:58,719 - INFO - KIM响应: {'success': True, 'errmsg': '', 'status': 200, 'messageKey': '["OMSG_BAAAAKbMnULEPAYA/ANo0Y1EBgAtKHYX2QkAAEaoFM0LjREA","OMSG_BAAAAHgY/KWvTQYAR+3mwI1EBgAtKHYX2QkAAAyhnCRgAhgA","OMSG_BAAAANZVqJ65RQYAv0lukoJIBgAtKHYX2QkAABWQZAWC/RYA","OMSG_BAAAAAQ+6eptSQYASO3mwI1EBgAtKHYX2QkAACyiedjjdhcA"]', 'successCount': 4, 'failedCount': 0}
2026-03-30 11:08:58,719 - INFO - ✅ 消息发送成功
2026-03-30 11:08:58,720 - INFO - ==================================================
2026-03-30 11:08:58,720 - INFO - ✅ KIM推送任务执行成功
2026-03-30 11:08:58,720 - INFO - ==================================================
2026-04-02 11:06:03,175 - INFO - ==================================================
2026-04-02 11:06:03,175 - INFO - 开始执行KIM推送任务
2026-04-02 11:06:03,175 - INFO - ==================================================
2026-04-02 11:06:03,176 - INFO - 正在提取洞察内容...
2026-04-02 11:06:03,192 - INFO - 提取到 3 条洞察，更新日期: 2026-04-01 晚
2026-04-02 11:06:03,192 - INFO - ✅ 成功提取 3 条洞察
2026-04-02 11:06:03,192 - INFO - 正在构造Markdown消息...
2026-04-02 11:06:03,193 - INFO - 消息内容:
## 📈 今日商业化洞察 (2026-04-02 周四)

> 数据更新时间：2026-04-01 晚

### 💡 今日核心洞察

**1. 📋 AI漫剧"持证上岗"：4月1日备案强制实施，规范化倒逼优质内容供给**
深圳发布全国首个AI漫剧职业培训标准，4月1日起所有未备案动画微短剧全网下线，AIGC内容从野蛮生长进入规范化时代

**2. 🎬 字节红果短剧投入增40%：澄清"AI取代"传闻，真人与AI短剧共生**
红果短剧明确否认缩减真人短剧，2026年内容投入预算增幅超40%，AI与真人短剧双线布局成为主流策略

**3. 🎮 Unity退出广告业务：游戏引擎聚焦核心，买量市场格局重构**
Unity宣布退出非战略广告业务聚焦游戏引擎，游戏买量市场份额重新分配，巨量/磁力等平台迎来抢占窗口期


---

[📊 查看完整洞察平台](https://ailiuliuliu.github.io/ad-insight-platform/)
💬 更多竞对动态、行业趋势、深度分析请访问平台
2026-04-02 11:06:03,193 - INFO - 正在发送到KIM...
2026-04-02 11:06:03,193 - INFO - 发送消息到KIM: https://kim-robot.kwaitalk.com/api/robot/send?key=271996bf-7424-4c93-984f-21830b354394
2026-04-02 11:06:03,468 - INFO - KIM响应: {'success': True, 'errmsg': '', 'status': 200, 'messageKey': '["OMSG_BAAAAK3MnULEPAYA6tFXSMBCBgAtKHYX2QkAAEaoFM0LjREA","OMSG_BAAAAEc+6eptSQYAwAfDl41EBgAtKHYX2QkAACyiedjjdhcA","OMSG_BAAAANlVqJ65RQYAtsmZj41EBgAtKHYX2QkAABWQZAWC/RYA","OMSG_BAAAAHwa/KWvTQYA69FXSMBCBgAtKHYX2QkAAAyhnCRgAhgA"]', 'successCount': 4, 'failedCount': 0}
2026-04-02 11:06:03,468 - INFO - ✅ 消息发送成功
2026-04-02 11:06:03,469 - INFO - ==================================================
2026-04-02 11:06:03,469 - INFO - ✅ KIM推送任务执行成功
2026-04-02 11:06:03,469 - INFO - ==================================================
